This is pdfTeX, Version 3.14159265-2.6-1.40.21 (MiKTeX 2.9.7300 64-bit) (preloaded format=pdflatex 2020.2.24)  30 MAR 2021 16:33
entering extended mode
**./itathesis.tex
(itathesis.tex
LaTeX2e <2020-02-02> patch level 3
L3 programming layer <2020-02-21> ("C:\Users\ITA\AppData\Local\Programs\MiKTeX 
2.9\tex/latex/base\article.cls"
Document Class: article 2019/12/20 v1.4l Standard LaTeX document class
("C:\Users\ITA\AppData\Local\Programs\MiKTeX 2.9\tex/latex/base\size12.clo"
File: size12.clo 2019/12/20 v1.4l Standard LaTeX file (size option)
)
\c@part=\count167
\c@section=\count168
\c@subsection=\count169
\c@subsubsection=\count170
\c@paragraph=\count171
\c@subparagraph=\count172
\c@figure=\count173
\c@table=\count174
\abovecaptionskip=\skip47
\belowcaptionskip=\skip48
\bibindent=\dimen134
) ("C:\Users\ITA\AppData\Local\Programs\MiKTeX 2.9\tex/latex/lm\lmodern.sty"
Package: lmodern 2009/10/30 v1.6 Latin Modern Fonts
LaTeX Font Info:    Overwriting symbol font `operators' in version `normal'
(Font)                  OT1/cmr/m/n --> OT1/lmr/m/n on input line 22.
LaTeX Font Info:    Overwriting symbol font `letters' in version `normal'
(Font)                  OML/cmm/m/it --> OML/lmm/m/it on input line 23.
LaTeX Font Info:    Overwriting symbol font `symbols' in version `normal'
(Font)                  OMS/cmsy/m/n --> OMS/lmsy/m/n on input line 24.
LaTeX Font Info:    Overwriting symbol font `largesymbols' in version `normal'
(Font)                  OMX/cmex/m/n --> OMX/lmex/m/n on input line 25.
LaTeX Font Info:    Overwriting symbol font `operators' in version `bold'
(Font)                  OT1/cmr/bx/n --> OT1/lmr/bx/n on input line 26.
LaTeX Font Info:    Overwriting symbol font `letters' in version `bold'
(Font)                  OML/cmm/b/it --> OML/lmm/b/it on input line 27.
LaTeX Font Info:    Overwriting symbol font `symbols' in version `bold'
(Font)                  OMS/cmsy/b/n --> OMS/lmsy/b/n on input line 28.
LaTeX Font Info:    Overwriting symbol font `largesymbols' in version `bold'
(Font)                  OMX/cmex/m/n --> OMX/lmex/m/n on input line 29.
LaTeX Font Info:    Overwriting math alphabet `\mathbf' in version `normal'
(Font)                  OT1/cmr/bx/n --> OT1/lmr/bx/n on input line 31.
LaTeX Font Info:    Overwriting math alphabet `\mathsf' in version `normal'
(Font)                  OT1/cmss/m/n --> OT1/lmss/m/n on input line 32.
LaTeX Font Info:    Overwriting math alphabet `\mathit' in version `normal'
(Font)                  OT1/cmr/m/it --> OT1/lmr/m/it on input line 33.
LaTeX Font Info:    Overwriting math alphabet `\mathtt' in version `normal'
(Font)                  OT1/cmtt/m/n --> OT1/lmtt/m/n on input line 34.
LaTeX Font Info:    Overwriting math alphabet `\mathbf' in version `bold'
(Font)                  OT1/cmr/bx/n --> OT1/lmr/bx/n on input line 35.
LaTeX Font Info:    Overwriting math alphabet `\mathsf' in version `bold'
(Font)                  OT1/cmss/bx/n --> OT1/lmss/bx/n on input line 36.
LaTeX Font Info:    Overwriting math alphabet `\mathit' in version `bold'
(Font)                  OT1/cmr/bx/it --> OT1/lmr/bx/it on input line 37.
LaTeX Font Info:    Overwriting math alphabet `\mathtt' in version `bold'
(Font)                  OT1/cmtt/m/n --> OT1/lmtt/m/n on input line 38.
) ("C:\Users\ITA\AppData\Local\Programs\MiKTeX 2.9\tex/latex/amsfonts\amssymb.s
ty"
Package: amssymb 2013/01/14 v3.01 AMS font symbols

("C:\Users\ITA\AppData\Local\Programs\MiKTeX 2.9\tex/latex/amsfonts\amsfonts.st
y"
Package: amsfonts 2013/01/14 v3.01 Basic AMSFonts support
\@emptytoks=\toks14
\symAMSa=\mathgroup4
\symAMSb=\mathgroup5
LaTeX Font Info:    Redeclaring math symbol \hbar on input line 98.
LaTeX Font Info:    Overwriting math alphabet `\mathfrak' in version `bold'
(Font)                  U/euf/m/n --> U/euf/b/n on input line 106.
)) ("C:\Users\ITA\AppData\Local\Programs\MiKTeX 2.9\tex/latex/amsmath\amsmath.s
ty"
Package: amsmath 2020/01/20 v2.17e AMS math features
\@mathmargin=\skip49
For additional information on amsmath, use the `?' option.
("C:\Users\ITA\AppData\Local\Programs\MiKTeX 2.9\tex/latex/amsmath\amstext.sty"
Package: amstext 2000/06/29 v2.01 AMS text
("C:\Users\ITA\AppData\Local\Programs\MiKTeX 2.9\tex/latex/amsmath\amsgen.sty"
File: amsgen.sty 1999/11/30 v2.0 generic functions
\@emptytoks=\toks15
\ex@=\dimen135
)) ("C:\Users\ITA\AppData\Local\Programs\MiKTeX 2.9\tex/latex/amsmath\amsbsy.st
y"
Package: amsbsy 1999/11/29 v1.2d Bold Symbols
\pmbraise@=\dimen136
) ("C:\Users\ITA\AppData\Local\Programs\MiKTeX 2.9\tex/latex/amsmath\amsopn.sty
"
Package: amsopn 2016/03/08 v2.02 operator names
)
\inf@bad=\count175
LaTeX Info: Redefining \frac on input line 227.
\uproot@=\count176
\leftroot@=\count177
LaTeX Info: Redefining \overline on input line 389.
\classnum@=\count178
\DOTSCASE@=\count179
LaTeX Info: Redefining \ldots on input line 486.
LaTeX Info: Redefining \dots on input line 489.
LaTeX Info: Redefining \cdots on input line 610.
\Mathstrutbox@=\box45
\strutbox@=\box46
\big@size=\dimen137
LaTeX Font Info:    Redeclaring font encoding OML on input line 733.
LaTeX Font Info:    Redeclaring font encoding OMS on input line 734.
\macc@depth=\count180
\c@MaxMatrixCols=\count181
\dotsspace@=\muskip16
\c@parentequation=\count182
\dspbrk@lvl=\count183
\tag@help=\toks16
\row@=\count184
\column@=\count185
\maxfields@=\count186
\andhelp@=\toks17
\eqnshift@=\dimen138
\alignsep@=\dimen139
\tagshift@=\dimen140
\tagwidth@=\dimen141
\totwidth@=\dimen142
\lineht@=\dimen143
\@envbody=\toks18
\multlinegap=\skip50
\multlinetaggap=\skip51
\mathdisplay@stack=\toks19
LaTeX Info: Redefining \[ on input line 2859.
LaTeX Info: Redefining \] on input line 2860.
) ("C:\Users\ITA\AppData\Local\Programs\MiKTeX 2.9\tex/generic/iftex\ifxetex.st
y"
Package: ifxetex 2019/10/25 v0.7 ifxetex legacy package. Use iftex instead.
("C:\Users\ITA\AppData\Local\Programs\MiKTeX 2.9\tex/generic/iftex\iftex.sty"
Package: iftex 2019/11/07 v1.0c TeX engine tests
)) ("C:\Users\ITA\AppData\Local\Programs\MiKTeX 2.9\tex/generic/iftex\ifluatex.
sty"
Package: ifluatex 2019/10/25 v1.5 ifluatex legacy package. Use iftex instead.
) ("C:\Users\ITA\AppData\Local\Programs\MiKTeX 2.9\tex/latex/base\fontenc.sty"
Package: fontenc 2020/02/11 v2.0o Standard LaTeX package
LaTeX Font Info:    Trying to load font information for T1+lmr on input line 11
2.
("C:\Users\ITA\AppData\Local\Programs\MiKTeX 2.9\tex/latex/lm\t1lmr.fd"
File: t1lmr.fd 2009/10/30 v1.6 Font defs for Latin Modern
)) ("C:\Users\ITA\AppData\Local\Programs\MiKTeX 2.9\tex/latex/base\inputenc.sty
"
Package: inputenc 2018/08/11 v1.3c Input encoding file
\inpenc@prehook=\toks20
\inpenc@posthook=\toks21
) ("C:\Users\ITA\AppData\Local\Programs\MiKTeX 2.9\tex/latex/base\textcomp.sty"
Package: textcomp 2020/02/02 v2.0n Standard LaTeX package
) ("C:\Users\ITA\AppData\Local\Programs\MiKTeX 2.9\tex/latex/upquote\upquote.st
y"
Package: upquote 2012/04/19 v1.3 upright-quote and grave-accent glyphs in verba
tim
)
("C:\Users\ITA\AppData\Local\Programs\MiKTeX 2.9\tex/latex/microtype\microtype.
sty"
Package: microtype 2019/11/18 v2.7d Micro-typographical refinements (RS)
("C:\Users\ITA\AppData\Local\Programs\MiKTeX 2.9\tex/latex/graphics\keyval.sty"
Package: keyval 2014/10/28 v1.15 key=value parser (DPC)
\KV@toks@=\toks22
)
\MT@toks=\toks23
\MT@count=\count187
LaTeX Info: Redefining \textls on input line 790.
\MT@outer@kern=\dimen144
LaTeX Info: Redefining \textmicrotypecontext on input line 1354.
\MT@listname@count=\count188

("C:\Users\ITA\AppData\Local\Programs\MiKTeX 2.9\tex/latex/microtype\microtype-
pdftex.def"
File: microtype-pdftex.def 2019/11/18 v2.7d Definitions specific to pdftex (RS)

LaTeX Info: Redefining \lsstyle on input line 914.
LaTeX Info: Redefining \lslig on input line 914.
\MT@outer@space=\skip52
)
Package microtype Info: Loading configuration file microtype.cfg.

("C:\Users\ITA\AppData\Local\Programs\MiKTeX 2.9\tex/latex/microtype\microtype.
cfg"
File: microtype.cfg 2019/11/18 v2.7d microtype main configuration file (RS)
)) ("C:\Users\ITA\AppData\Local\Programs\MiKTeX 2.9\tex/latex/parskip\parskip.s
ty"
Package: parskip 2020-06-15 v2.0f non-zero parskip adjustments

("C:\Users\ITA\AppData\Local\Programs\MiKTeX 2.9\tex/latex/kvoptions\kvoptions.
sty"
Package: kvoptions 2019/11/29 v3.13 Key value format for package options (HO)

("C:\Users\ITA\AppData\Local\Programs\MiKTeX 2.9\tex/generic/ltxcmds\ltxcmds.st
y"
Package: ltxcmds 2020-05-10 v1.25 LaTeX kernel commands for general use (HO)
)
("C:\Users\ITA\AppData\Local\Programs\MiKTeX 2.9\tex/generic/kvsetkeys\kvsetkey
s.sty"
Package: kvsetkeys 2019/12/15 v1.18 Key value parser (HO)
))
("C:\Users\ITA\AppData\Local\Programs\MiKTeX 2.9\tex/latex/etoolbox\etoolbox.st
y"
Package: etoolbox 2019/09/21 v2.5h e-TeX tools for LaTeX (JAW)
\etb@tempcnta=\count189
)) ("C:\Users\ITA\AppData\Local\Programs\MiKTeX 2.9\tex/latex/xcolor\xcolor.sty
"
Package: xcolor 2016/05/11 v2.12 LaTeX color extensions (UK)

("C:\Users\ITA\AppData\Local\Programs\MiKTeX 2.9\tex/latex/graphics-cfg\color.c
fg"
File: color.cfg 2016/01/02 v1.6 sample color configuration
)
Package xcolor Info: Driver file: pdftex.def on input line 225.

("C:\Users\ITA\AppData\Local\Programs\MiKTeX 2.9\tex/latex/graphics-def\pdftex.
def"
File: pdftex.def 2018/01/08 v1.0l Graphics/color driver for pdftex
)
Package xcolor Info: Model `cmy' substituted by `cmy0' on input line 1348.
Package xcolor Info: Model `hsb' substituted by `rgb' on input line 1352.
Package xcolor Info: Model `RGB' extended on input line 1364.
Package xcolor Info: Model `HTML' substituted by `rgb' on input line 1366.
Package xcolor Info: Model `Hsb' substituted by `hsb' on input line 1367.
Package xcolor Info: Model `tHsb' substituted by `hsb' on input line 1368.
Package xcolor Info: Model `HSB' substituted by `hsb' on input line 1369.
Package xcolor Info: Model `Gray' substituted by `gray' on input line 1370.
Package xcolor Info: Model `wave' substituted by `hsb' on input line 1371.

("C:\Users\ITA\AppData\Local\Programs\MiKTeX 2.9\tex/latex/graphics\dvipsnam.de
f"
File: dvipsnam.def 2016/06/17 v3.0m Driver-dependent file (DPC,SPQR)
) ("C:\Users\ITA\AppData\Local\Programs\MiKTeX 2.9\tex/latex/xcolor\svgnam.def"
File: svgnam.def 2016/05/11 v2.12 Predefined colors according to SVG 1.1 (UK)
) ("C:\Users\ITA\AppData\Local\Programs\MiKTeX 2.9\tex/latex/xcolor\x11nam.def"
File: x11nam.def 2016/05/11 v2.12 Predefined colors according to Unix/X11 (UK)
)) ("C:\Users\ITA\AppData\Local\Programs\MiKTeX 2.9\tex/latex/xurl\xurl.sty"
Package: xurl 2020/01/24 v 0.09 modify URL breaks
("C:\Users\ITA\AppData\Local\Programs\MiKTeX 2.9\tex/latex/url\url.sty"
\Urlmuskip=\muskip17
Package: url 2013/09/16  ver 3.4  Verb mode for urls, etc.
))
("C:\Users\ITA\AppData\Local\Programs\MiKTeX 2.9\tex/latex/bookmark\bookmark.st
y"
Package: bookmark 2020-11-06 v1.29 PDF bookmarks (HO)

("C:\Users\ITA\AppData\Local\Programs\MiKTeX 2.9\tex/latex/hyperref\hyperref.st
y"
Package: hyperref 2020/01/14 v7.00d Hypertext links for LaTeX

("C:\Users\ITA\AppData\Local\Programs\MiKTeX 2.9\tex/latex/pdftexcmds\pdftexcmd
s.sty"
Package: pdftexcmds 2019/11/24 v0.31 Utility functions of pdfTeX for LuaTeX (HO
)

("C:\Users\ITA\AppData\Local\Programs\MiKTeX 2.9\tex/generic/infwarerr\infwarer
r.sty"
Package: infwarerr 2019/12/03 v1.5 Providing info/warning/error messages (HO)
)
Package pdftexcmds Info: \pdf@primitive is available.
Package pdftexcmds Info: \pdf@ifprimitive is available.
Package pdftexcmds Info: \pdfdraftmode found.
)
("C:\Users\ITA\AppData\Local\Programs\MiKTeX 2.9\tex/generic/kvdefinekeys\kvdef
inekeys.sty"
Package: kvdefinekeys 2019-12-19 v1.6 Define keys (HO)
)
("C:\Users\ITA\AppData\Local\Programs\MiKTeX 2.9\tex/generic/pdfescape\pdfescap
e.sty"
Package: pdfescape 2019/12/09 v1.15 Implements pdfTeX's escape features (HO)
) ("C:\Users\ITA\AppData\Local\Programs\MiKTeX 2.9\tex/latex/hycolor\hycolor.st
y"
Package: hycolor 2020-01-27 v1.10 Color options for hyperref/bookmark (HO)
)
("C:\Users\ITA\AppData\Local\Programs\MiKTeX 2.9\tex/latex/letltxmacro\letltxma
cro.sty"
Package: letltxmacro 2019/12/03 v1.6 Let assignment for LaTeX macros (HO)
) ("C:\Users\ITA\AppData\Local\Programs\MiKTeX 2.9\tex/latex/auxhook\auxhook.st
y"
Package: auxhook 2019-12-17 v1.6 Hooks for auxiliary files (HO)
)
\@linkdim=\dimen145
\Hy@linkcounter=\count190
\Hy@pagecounter=\count191
("C:\Users\ITA\AppData\Local\Programs\MiKTeX 2.9\tex/latex/hyperref\pd1enc.def"
File: pd1enc.def 2020/01/14 v7.00d Hyperref: PDFDocEncoding definition (HO)
Now handling font encoding PD1 ...
... no UTF-8 mapping file for font encoding PD1
)
("C:\Users\ITA\AppData\Local\Programs\MiKTeX 2.9\tex/generic/intcalc\intcalc.st
y"
Package: intcalc 2019/12/15 v1.3 Expandable calculations with integers (HO)
)
("C:\Users\ITA\AppData\Local\Programs\MiKTeX 2.9\tex/generic/etexcmds\etexcmds.
sty"
Package: etexcmds 2019/12/15 v1.7 Avoid name clashes with e-TeX commands (HO)
)
\Hy@SavedSpaceFactor=\count192
Package hyperref Info: Option `unicode' set `true' on input line 4421.
("C:\Users\ITA\AppData\Local\Programs\MiKTeX 2.9\tex/latex/hyperref\puenc.def"
File: puenc.def 2020/01/14 v7.00d Hyperref: PDF Unicode definition (HO)
Now handling font encoding PU ...
... no UTF-8 mapping file for font encoding PU
)
Package hyperref Info: Hyper figures OFF on input line 4547.
Package hyperref Info: Link nesting OFF on input line 4552.
Package hyperref Info: Hyper index ON on input line 4555.
Package hyperref Info: Plain pages OFF on input line 4562.
Package hyperref Info: Backreferencing OFF on input line 4567.
Package hyperref Info: Implicit mode ON; LaTeX internals redefined.
Package hyperref Info: Bookmarks ON on input line 4800.
\c@Hy@tempcnt=\count193
LaTeX Info: Redefining \url on input line 5159.
\XeTeXLinkMargin=\dimen146
("C:\Users\ITA\AppData\Local\Programs\MiKTeX 2.9\tex/generic/bitset\bitset.sty"
Package: bitset 2019/12/09 v1.3 Handle bit-vector datatype (HO)

("C:\Users\ITA\AppData\Local\Programs\MiKTeX 2.9\tex/generic/bigintcalc\bigintc
alc.sty"
Package: bigintcalc 2019/12/15 v1.5 Expandable calculations on big integers (HO
)
))
\Fld@menulength=\count194
\Field@Width=\dimen147
\Fld@charsize=\dimen148
Package hyperref Info: Hyper figures OFF on input line 6430.
Package hyperref Info: Link nesting OFF on input line 6435.
Package hyperref Info: Hyper index ON on input line 6438.
Package hyperref Info: backreferencing OFF on input line 6445.
Package hyperref Info: Link coloring OFF on input line 6450.
Package hyperref Info: Link coloring with OCG OFF on input line 6455.
Package hyperref Info: PDF/A mode OFF on input line 6460.
LaTeX Info: Redefining \ref on input line 6500.
LaTeX Info: Redefining \pageref on input line 6504.

("C:\Users\ITA\AppData\Local\Programs\MiKTeX 2.9\tex/generic/atbegshi\atbegshi.
sty"
Package: atbegshi 2019/12/05 v1.19 At begin shipout hook (HO)
)
\Hy@abspage=\count195
\c@Item=\count196
\c@Hfootnote=\count197
)
Package hyperref Info: Driver (autodetected): hpdftex.
("C:\Users\ITA\AppData\Local\Programs\MiKTeX 2.9\tex/latex/hyperref\hpdftex.def
"
File: hpdftex.def 2020/01/14 v7.00d Hyperref driver for pdfTeX

("C:\Users\ITA\AppData\Local\Programs\MiKTeX 2.9\tex/latex/atveryend\atveryend.
sty"
Package: atveryend 2019-12-11 v1.11 Hooks at the very end of document (HO)
)
\Fld@listcount=\count198
\c@bookmark@seq@number=\count199

("C:\Users\ITA\AppData\Local\Programs\MiKTeX 2.9\tex/latex/rerunfilecheck\rerun
filecheck.sty"
Package: rerunfilecheck 2019/12/05 v1.9 Rerun checks for auxiliary files (HO)

("C:\Users\ITA\AppData\Local\Programs\MiKTeX 2.9\tex/generic/uniquecounter\uniq
uecounter.sty"
Package: uniquecounter 2019/12/15 v1.4 Provide unlimited unique counter (HO)
)
Package uniquecounter Info: New unique counter `rerunfilecheck' on input line 2
86.
)
\Hy@SectionHShift=\skip53
)
("C:\Users\ITA\AppData\Local\Programs\MiKTeX 2.9\tex/latex/bookmark\bkm-pdftex-
2019-12-03.def"
File: bkm-pdftex.def 2019/12/03 v1.28 bookmark driver for pdfTeX (HO)
\BKM@id=\count266
))
Package hyperref Info: Option `colorlinks' set `true' on input line 46.

("C:\Users\ITA\AppData\Local\Programs\MiKTeX 2.9\tex/latex/geometry\geometry.st
y"
Package: geometry 2020/01/02 v5.9 Page Geometry
("C:\Users\ITA\AppData\Local\Programs\MiKTeX 2.9\tex/generic/iftex\ifvtex.sty"
Package: ifvtex 2019/10/25 v1.7 ifvtex legacy package. Use iftex instead.
)
\Gm@cnth=\count267
\Gm@cntv=\count268
\c@Gm@tempcnt=\count269
\Gm@bindingoffset=\dimen149
\Gm@wd@mp=\dimen150
\Gm@odd@mp=\dimen151
\Gm@even@mp=\dimen152
\Gm@layoutwidth=\dimen153
\Gm@layoutheight=\dimen154
\Gm@layouthoffset=\dimen155
\Gm@layoutvoffset=\dimen156
\Gm@dimlist=\toks24

("C:\Users\ITA\AppData\Local\Programs\MiKTeX 2.9\tex/latex/geometry\geometry.cf
g")) ("C:\Users\ITA\AppData\Local\Programs\MiKTeX 2.9\tex/latex/tools\longtable
.sty"
Package: longtable 2020/01/07 v4.13 Multi-page Table package (DPC)
\LTleft=\skip54
\LTright=\skip55
\LTpre=\skip56
\LTpost=\skip57
\LTchunksize=\count270
\LTcapwidth=\dimen157
\LT@head=\box47
\LT@firsthead=\box48
\LT@foot=\box49
\LT@lastfoot=\box50
\LT@cols=\count271
\LT@rows=\count272
\c@LT@tables=\count273
\c@LT@chunks=\count274
\LT@p@ftn=\toks25
)
("C:\Users\ITA\AppData\Local\Programs\MiKTeX 2.9\tex/latex/booktabs\booktabs.st
y"
Package: booktabs 2020/01/12 v1.61803398 Publication quality tables
\heavyrulewidth=\dimen158
\lightrulewidth=\dimen159
\cmidrulewidth=\dimen160
\belowrulesep=\dimen161
\belowbottomsep=\dimen162
\aboverulesep=\dimen163
\abovetopsep=\dimen164
\cmidrulesep=\dimen165
\cmidrulekern=\dimen166
\defaultaddspace=\dimen167
\@cmidla=\count275
\@cmidlb=\count276
\@aboverulesep=\dimen168
\@belowrulesep=\dimen169
\@thisruleclass=\count277
\@lastruleclass=\count278
\@thisrulewidth=\dimen170
)
("C:\Users\ITA\AppData\Local\Programs\MiKTeX 2.9\tex/latex/footnotehyper\footno
tehyper.sty"
Package: footnotehyper 2019/11/07 v1.1a hyperref aware footnote.sty (JFB)
\FNH@notes=\box51
\FNH@width=\dimen171
)
("C:\Users\ITA\AppData\Local\Programs\MiKTeX 2.9\tex/latex/graphics\graphicx.st
y"
Package: graphicx 2019/11/30 v1.2a Enhanced LaTeX Graphics (DPC,SPQR)

("C:\Users\ITA\AppData\Local\Programs\MiKTeX 2.9\tex/latex/graphics\graphics.st
y"
Package: graphics 2019/11/30 v1.4a Standard LaTeX Graphics (DPC,SPQR)
("C:\Users\ITA\AppData\Local\Programs\MiKTeX 2.9\tex/latex/graphics\trig.sty"
Package: trig 2016/01/03 v1.10 sin cos tan (DPC)
)
("C:\Users\ITA\AppData\Local\Programs\MiKTeX 2.9\tex/latex/graphics-cfg\graphic
s.cfg"
File: graphics.cfg 2016/06/04 v1.11 sample graphics configuration
)
Package graphics Info: Driver file: pdftex.def on input line 105.
)
\Gin@req@height=\dimen172
\Gin@req@width=\dimen173
) ("C:\Users\ITA\AppData\Local\Programs\MiKTeX 2.9\tex/latex/grffile\grffile.st
y"
Package: grffile 2019/11/11 v2.1 Extended file name support for graphics (legac
y)
Package grffile Info: This package is an empty stub for compatibility on input 
line 40.
) ("C:\Users\ITA\AppData\Local\Programs\MiKTeX 2.9\tex/latex/base\fontenc.sty"
Package: fontenc 2020/02/11 v2.0o Standard LaTeX package
)
("C:\Users\ITA\AppData\Local\Programs\MiKTeX 2.9\tex/latex/csquotes\csquotes.st
y"
Package: csquotes 2021-01-04 v5.2k context-sensitive quotations (JAW)
\csq@reset=\count279
\csq@gtype=\count280
\csq@glevel=\count281
\csq@qlevel=\count282
\csq@maxlvl=\count283
\csq@tshold=\count284
\csq@ltx@everypar=\toks26

("C:\Users\ITA\AppData\Local\Programs\MiKTeX 2.9\tex/latex/csquotes\csquotes.de
f"
File: csquotes.def 2021-01-04 v5.2k csquotes generic definitions (JAW)
)
Package csquotes Info: Trying to load configuration file 'csquotes.cfg'...
Package csquotes Info: ... configuration file loaded successfully.

("C:\Users\ITA\AppData\Local\Programs\MiKTeX 2.9\tex/latex/csquotes\csquotes.cf
g"
File: csquotes.cfg 
)) ("C:\Users\ITA\AppData\Local\Programs\MiKTeX 2.9\tex/latex/float\float.sty"
Package: float 2001/11/08 v1.3d Float enhancements (AL)
\c@float@type=\count285
\float@exts=\toks27
\float@box=\box52
\@float@everytoks=\toks28
\@floatcapt=\box53
)
("C:\Users\ITA\AppData\Local\Programs\MiKTeX 2.9\tex/latex/tools\indentfirst.st
y"
Package: indentfirst 1995/11/23 v1.03 Indent first paragraph (DPC)
)
("C:\Users\ITA\AppData\Local\Programs\MiKTeX 2.9\tex/latex/setspace\setspace.st
y"
Package: setspace 2011/12/19 v6.7a set line spacing
)
Package csquotes Info: Checking for multilingual support...
Package csquotes Info: ... none found.

("C:\Users\ITA\AppData\Local\Programs\MiKTeX 2.9\tex/latex/l3backend\l3backend-
pdfmode.def"
File: l3backend-pdfmode.def 2020-02-21 L3 backend support: PDF mode
\l__kernel_color_stack_int=\count286
\l__pdf_internal_box=\box54
) (itathesis.aux)
\openout1 = `itathesis.aux'.

LaTeX Font Info:    Checking defaults for OML/cmm/m/it on input line 108.
LaTeX Font Info:    ... okay on input line 108.
LaTeX Font Info:    Checking defaults for OMS/cmsy/m/n on input line 108.
LaTeX Font Info:    ... okay on input line 108.
LaTeX Font Info:    Checking defaults for OT1/cmr/m/n on input line 108.
LaTeX Font Info:    ... okay on input line 108.
LaTeX Font Info:    Checking defaults for T1/cmr/m/n on input line 108.
LaTeX Font Info:    ... okay on input line 108.
LaTeX Font Info:    Checking defaults for TS1/cmr/m/n on input line 108.
LaTeX Font Info:    ... okay on input line 108.
LaTeX Font Info:    Checking defaults for OMX/cmex/m/n on input line 108.
LaTeX Font Info:    ... okay on input line 108.
LaTeX Font Info:    Checking defaults for U/cmr/m/n on input line 108.
LaTeX Font Info:    ... okay on input line 108.
LaTeX Font Info:    Checking defaults for PD1/pdf/m/n on input line 108.
LaTeX Font Info:    ... okay on input line 108.
LaTeX Font Info:    Checking defaults for PU/pdf/m/n on input line 108.
LaTeX Font Info:    ... okay on input line 108.
LaTeX Info: Redefining \microtypecontext on input line 108.
Package microtype Info: Generating PDF output.
Package microtype Info: Character protrusion enabled (level 2).
Package microtype Info: Using protrusion set `basicmath'.
Package microtype Info: Automatic font expansion enabled (level 2),
(microtype)             stretch: 20, shrink: 20, step: 1, non-selected.
Package microtype Info: Using default expansion set `basictext'.
LaTeX Info: Redefining \showhyphens on input line 108.
Package microtype Info: No adjustment of tracking.
Package microtype Info: No adjustment of interword spacing.
Package microtype Info: No adjustment of character kerning.
("C:\Users\ITA\AppData\Local\Programs\MiKTeX 2.9\tex/latex/microtype\mt-cmr.cfg
"
File: mt-cmr.cfg 2013/05/19 v2.2 microtype config. file: Computer Modern Roman 
(RS)
)
("C:\Users\ITA\AppData\Local\Programs\MiKTeX 2.9\tex/context/base/mkii\supp-pdf
.mkii"
[Loading MPS to PDF converter (version 2006.09.02).]
\scratchcounter=\count287
\scratchdimen=\dimen174
\scratchbox=\box55
\nofMPsegments=\count288
\nofMParguments=\count289
\everyMPshowfont=\toks29
\MPscratchCnt=\count290
\MPscratchDim=\dimen175
\MPnumerator=\count291
\makeMPintoPDFobject=\count292
\everyMPtoPDFconversion=\toks30
)
("C:\Users\ITA\AppData\Local\Programs\MiKTeX 2.9\tex/latex/epstopdf-pkg\epstopd
f-base.sty"
Package: epstopdf-base 2020-01-24 v2.11 Base part for package epstopdf
Package epstopdf-base Info: Redefining graphics rule for `.eps' on input line 4
85.
)
\AtBeginShipoutBox=\box56
Package hyperref Info: Link coloring ON on input line 108.
("C:\Users\ITA\AppData\Local\Programs\MiKTeX 2.9\tex/latex/hyperref\nameref.sty
"
Package: nameref 2019/09/16 v2.46 Cross-referencing by name of section

("C:\Users\ITA\AppData\Local\Programs\MiKTeX 2.9\tex/latex/refcount\refcount.st
y"
Package: refcount 2019/12/15 v3.6 Data extraction from label references (HO)
)
("C:\Users\ITA\AppData\Local\Programs\MiKTeX 2.9\tex/generic/gettitlestring\get
titlestring.sty"
Package: gettitlestring 2019/12/15 v1.6 Cleanup title references (HO)
)
\c@section@level=\count293
)
LaTeX Info: Redefining \ref on input line 108.
LaTeX Info: Redefining \pageref on input line 108.
LaTeX Info: Redefining \nameref on input line 108.
*geometry* driver: auto-detecting
*geometry* detected driver: pdftex
*geometry* verbose mode - [ preamble ] result:
* driver: pdftex
* paper: a4paper
* layout: <same size as paper>
* layoutoffset:(h,v)=(0.0pt,0.0pt)
* modes: 
* h-part:(L,W,R)=(85.35826pt, 455.24411pt, 56.9055pt)
* v-part:(T,H,B)=(85.35826pt, 702.78308pt, 56.9055pt)
* \paperwidth=597.50787pt
* \paperheight=845.04684pt
* \textwidth=455.24411pt
* \textheight=702.78308pt
* \oddsidemargin=13.08827pt
* \evensidemargin=13.08827pt
* \topmargin=-23.91173pt
* \headheight=12.0pt
* \headsep=25.0pt
* \topskip=12.0pt
* \footskip=30.0pt
* \marginparwidth=44.0pt
* \marginparsep=10.0pt
* \columnsep=10.0pt
* \skip\footins=10.8pt plus 4.0pt minus 2.0pt
* \hoffset=0.0pt
* \voffset=0.0pt
* \mag=1000
* \@twocolumnfalse
* \@twosidefalse
* \@mparswitchfalse
* \@reversemarginfalse
* (1in=72.27pt=25.4mm, 1cm=28.453pt)

[1

{C:/Users/ITA/AppData/Local/MiKTeX/2.9/pdftex/config/pdftex.map}]
LaTeX Font Info:    Trying to load font information for OT1+lmr on input line 1
75.
("C:\Users\ITA\AppData\Local\Programs\MiKTeX 2.9\tex/latex/lm\ot1lmr.fd"
File: ot1lmr.fd 2009/10/30 v1.6 Font defs for Latin Modern
)
LaTeX Font Info:    Trying to load font information for OML+lmm on input line 1
75.
("C:\Users\ITA\AppData\Local\Programs\MiKTeX 2.9\tex/latex/lm\omllmm.fd"
File: omllmm.fd 2009/10/30 v1.6 Font defs for Latin Modern
)
LaTeX Font Info:    Trying to load font information for OMS+lmsy on input line 
175.
("C:\Users\ITA\AppData\Local\Programs\MiKTeX 2.9\tex/latex/lm\omslmsy.fd"
File: omslmsy.fd 2009/10/30 v1.6 Font defs for Latin Modern
)
LaTeX Font Info:    Trying to load font information for OMX+lmex on input line 
175.
("C:\Users\ITA\AppData\Local\Programs\MiKTeX 2.9\tex/latex/lm\omxlmex.fd"
File: omxlmex.fd 2009/10/30 v1.6 Font defs for Latin Modern
)
LaTeX Font Info:    External font `lmex10' loaded for size
(Font)              <12> on input line 175.
LaTeX Font Info:    External font `lmex10' loaded for size
(Font)              <8> on input line 175.
LaTeX Font Info:    External font `lmex10' loaded for size
(Font)              <6> on input line 175.
LaTeX Font Info:    Trying to load font information for U+msa on input line 175
.
("C:\Users\ITA\AppData\Local\Programs\MiKTeX 2.9\tex/latex/amsfonts\umsa.fd"
File: umsa.fd 2013/01/14 v3.01 AMS symbols A
) ("C:\Users\ITA\AppData\Local\Programs\MiKTeX 2.9\tex/latex/microtype\mt-msa.c
fg"
File: mt-msa.cfg 2006/02/04 v1.1 microtype config. file: AMS symbols (a) (RS)
)
LaTeX Font Info:    Trying to load font information for U+msb on input line 175
.
("C:\Users\ITA\AppData\Local\Programs\MiKTeX 2.9\tex/latex/amsfonts\umsb.fd"
File: umsb.fd 2013/01/14 v3.01 AMS symbols B
) ("C:\Users\ITA\AppData\Local\Programs\MiKTeX 2.9\tex/latex/microtype\mt-msb.c
fg"
File: mt-msb.cfg 2005/06/01 v1.0 microtype config. file: AMS symbols (b) (RS)
)pdfTeX warning (ext4): destination with the same identifier (name{page.1}) has
 been already used, duplicate ignored
<to be read again> 
                   \relax 
l.193 \end{titlepage}
                      [1]
Underfull \hbox (badness 10000) in paragraph at lines 214--215

 []

[1

] [2

] [3

] [4

] (itathesis.lof)
\tf@lof=\write3
\openout3 = `itathesis.lof'.

[5] (itathesis.lot)
\tf@lot=\write4
\openout4 = `itathesis.lot'.

[6] (itathesis.toc)
\tf@toc=\write5
\openout5 = `itathesis.toc'.

[7]
Underfull \hbox (badness 10000) in paragraph at lines 277--280

 []

[8] [9]pdfTeX warning (ext4): destination with the same identifier (name{page.1
}) has been already used, duplicate ignored
<to be read again> 
                   \relax 
l.314 \newpage
               [1] [2] [3]
LaTeX Font Info:    Trying to load font information for TS1+lmr on input line 3
80.
("C:\Users\ITA\AppData\Local\Programs\MiKTeX 2.9\tex/latex/lm\ts1lmr.fd"
File: ts1lmr.fd 2009/10/30 v1.6 Font defs for Latin Modern
)

LaTeX Warning: Reference `(' on page 4 undefined on input line 413.

[4]
<itathesis_files/figure-latex/fig-1-1.pdf, id=202, 361.35pt x 325.215pt>
File: itathesis_files/figure-latex/fig-1-1.pdf Graphic file (type pdf)
<use itathesis_files/figure-latex/fig-1-1.pdf>
Package pdftex.def Info: itathesis_files/figure-latex/fig-1-1.pdf  used on inpu
t line 437.
(pdftex.def)             Requested size: 361.34912pt x 325.2142pt.
[5pdfTeX warning (ext4): destination with the same identifier (name{figure.1}) 
has been already used, duplicate ignored

\AtBegShi@Output ...ipout \box \AtBeginShipoutBox 
                                                  \fi \fi 
l.446 
       <./itathesis_files/figure-latex/fig-1-1.pdf>]
<Fig2.png, id=216, 343.88475pt x 392.06474pt>
File: Fig2.png Graphic file (type png)
<use Fig2.png>
Package pdftex.def Info: Fig2.png  used on input line 484.
(pdftex.def)             Requested size: 343.88391pt x 392.06378pt.
[6] [7pdfTeX warning (ext4): destination with the same identifier (name{figure.
2}) has been already used, duplicate ignored

\AtBegShi@Output ...ipout \box \AtBeginShipoutBox 
                                                  \fi \fi 
l.504 
       <./Fig2.png>]
<itathesis_files/figure-latex/fig-3-1.pdf, id=230, 469.755pt x 325.215pt>
File: itathesis_files/figure-latex/fig-3-1.pdf Graphic file (type pdf)
<use itathesis_files/figure-latex/fig-3-1.pdf>
Package pdftex.def Info: itathesis_files/figure-latex/fig-3-1.pdf  used on inpu
t line 518.
(pdftex.def)             Requested size: 455.24608pt x 315.17035pt.
[8pdfTeX warning (ext4): destination with the same identifier (name{figure.3}) 
has been already used, duplicate ignored

\AtBegShi@Output ...ipout \box \AtBeginShipoutBox 
                                                  \fi \fi 
l.530 
       <./itathesis_files/figure-latex/fig-3-1.pdf>]

pdfTeX warning: pdflatex.exe (file ./Fig4.pdf): PDF inclusion: found PDF versio
n <1.7>, but at most version <1.5> allowed
<Fig4.pdf, id=249, 722.7pt x 542.025pt>
File: Fig4.pdf Graphic file (type pdf)
<use Fig4.pdf>
Package pdftex.def Info: Fig4.pdf  used on input line 554.
(pdftex.def)             Requested size: 455.24826pt x 341.4362pt.
[9] [10pdfTeX warning (ext4): destination with the same identifier (name{figure
.4}) has been already used, duplicate ignored

\AtBegShi@Output ...ipout \box \AtBeginShipoutBox 
                                                  \fi \fi 
l.580 \end{equation}
                     <./Fig4.pdf>] [11]

LaTeX Warning: Reference `fig:least_squared' on page 12 undefined on input line
 634.

<itathesis_files/figure-latex/fig-5 -1.pdf, id=327, 469.755pt x 325.215pt>
File: itathesis_files/figure-latex/fig-5 -1.pdf Graphic file (type pdf)
<use itathesis_files/figure-latex/fig-5 -1.pdf>
Package pdftex.def Info: itathesis_files/figure-latex/fig-5 -1.pdf  used on inp
ut line 641.
(pdftex.def)             Requested size: 455.24608pt x 315.17035pt.
[12] [13pdfTeX warning (ext4): destination with the same identifier (name{figur
e.5}) has been already used, duplicate ignored

\AtBegShi@Output ...ipout \box \AtBeginShipoutBox 
                                                  \fi \fi 
l.673 
       <./itathesis_files/figure-latex/fig-5 -1.pdf>]
LaTeX Font Info:    External font `lmex10' loaded for size
(Font)              <10.95> on input line 679.

LaTeX Warning: Reference `fig:DT_regression' on page 14 undefined on input line
 709.

LaTeX Font Info:    Trying to load font information for T1+lmtt on input line 7
15.
("C:\Users\ITA\AppData\Local\Programs\MiKTeX 2.9\tex/latex/lm\t1lmtt.fd"
File: t1lmtt.fd 2009/10/30 v1.6 Font defs for Latin Modern
)
LaTeX Font Info:    Trying to load font information for TS1+lmtt on input line 
717.
("C:\Users\ITA\AppData\Local\Programs\MiKTeX 2.9\tex/latex/lm\ts1lmtt.fd"
File: ts1lmtt.fd 2009/10/30 v1.6 Font defs for Latin Modern
)
<itathesis_files/figure-latex/fig-6-1.pdf, id=354, 469.755pt x 325.215pt>
File: itathesis_files/figure-latex/fig-6-1.pdf Graphic file (type pdf)
<use itathesis_files/figure-latex/fig-6-1.pdf>
Package pdftex.def Info: itathesis_files/figure-latex/fig-6-1.pdf  used on inpu
t line 721.
(pdftex.def)             Requested size: 455.24608pt x 315.17035pt.
[14pdfTeX warning (ext4): destination with the same identifier (name{table.2}) 
has been already used, duplicate ignored

\AtBegShi@Output ...ipout \box \AtBeginShipoutBox 
                                                  \fi \fi 
l.727 
      ] [15pdfTeX warning (ext4): destination with the same identifier (name{fi
gure.6}) has been already used, duplicate ignored

\AtBegShi@Output ...ipout \box \AtBeginShipoutBox 
                                                  \fi \fi 
l.748 
       <./itathesis_files/figure-latex/fig-6-1.pdf>]
<itathesis_files/figure-latex/figknn-1.pdf, id=380, 469.755pt x 325.215pt>
File: itathesis_files/figure-latex/figknn-1.pdf Graphic file (type pdf)
<use itathesis_files/figure-latex/figknn-1.pdf>
Package pdftex.def Info: itathesis_files/figure-latex/figknn-1.pdf  used on inp
ut line 755.
(pdftex.def)             Requested size: 455.24608pt x 315.17035pt.
<Fig7.pdf, id=381, 505.89pt x 505.89pt>
File: Fig7.pdf Graphic file (type pdf)
<use Fig7.pdf>
Package pdftex.def Info: Fig7.pdf  used on input line 764.
(pdftex.def)             Requested size: 455.25046pt x 455.25046pt.
[16pdfTeX warning (ext4): destination with the same identifier (name{figure.7})
 has been already used, duplicate ignored

\AtBegShi@Output ...ipout \box \AtBeginShipoutBox 
                                                  \fi \fi 
l.770 
       <./itathesis_files/figure-latex/figknn-1.pdf>] [17pdfTeX warning (ext4):
 destination with the same identifier (name{figure.8}) has been already used, d
uplicate ignored

\AtBegShi@Output ...ipout \box \AtBeginShipoutBox 
                                                  \fi \fi 
l.780 ...he following expression: \begin{equation}
                                                  \label{eq:minkowski} <./Fig7.
pdf>]

pdfTeX warning: pdflatex.exe (file ./Fig8.pdf): PDF inclusion: found PDF versio
n <1.7>, but at most version <1.5> allowed
<Fig8.pdf, id=412, 845.0471pt x 597.50804pt>
File: Fig8.pdf Graphic file (type pdf)
<use Fig8.pdf>
Package pdftex.def Info: Fig8.pdf  used on input line 804.
(pdftex.def)             Requested size: 455.24841pt x 321.8928pt.
[18]

pdfTeX warning: pdflatex.exe (file ./Fig9.pdf): PDF inclusion: found PDF versio
n <1.7>, but at most version <1.5> allowed
<Fig9.pdf, id=421, 845.0471pt x 597.50804pt>
File: Fig9.pdf Graphic file (type pdf)
<use Fig9.pdf>
Package pdftex.def Info: Fig9.pdf  used on input line 824.
(pdftex.def)             Requested size: 455.24841pt x 321.8928pt.
[19pdfTeX warning (ext4): destination with the same identifier (name{figure.9})
 has been already used, duplicate ignored

\AtBegShi@Output ...ipout \box \AtBeginShipoutBox 
                                                  \fi \fi 
l.830 
       <./Fig8.pdf>]

LaTeX Warning: Citation `cyb89' on page 20 undefined on input line 840.

[20pdfTeX warning (ext4): destination with the same identifier (name{figure.10}
) has been already used, duplicate ignored

\AtBegShi@Output ...ipout \box \AtBeginShipoutBox 
                                                  \fi \fi 
l.852 C
       onsidering a margin \(\epsilon\), the hyper plane and boundary lines <./
Fig9.pdf>]

LaTeX Warning: Reference `fig:my_label' on page 21 undefined on input line 861.




pdfTeX warning: pdflatex.exe (file ./Fig10.pdf): PDF inclusion: found PDF versi
on <1.7>, but at most version <1.5> allowed
<Fig10.pdf, id=445, 722.7pt x 542.025pt>
File: Fig10.pdf Graphic file (type pdf)
<use Fig10.pdf>
Package pdftex.def Info: Fig10.pdf  used on input line 868.
(pdftex.def)             Requested size: 455.24826pt x 341.4362pt.


pdfTeX warning: pdflatex.exe (file ./Fig11.pdf): PDF inclusion: found PDF versi
on <1.7>, but at most version <1.5> allowed
<Fig11.pdf, id=446, 722.7pt x 542.025pt>
File: Fig11.pdf Graphic file (type pdf)
<use Fig11.pdf>
Package pdftex.def Info: Fig11.pdf  used on input line 877.
(pdftex.def)             Requested size: 455.24826pt x 341.4362pt.
[21pdfTeX warning (ext4): destination with the same identifier (name{figure.11}
) has been already used, duplicate ignored

\AtBegShi@Output ...ipout \box \AtBeginShipoutBox 
                                                  \fi \fi 
l.883 
       <./Fig10.pdf>] [22pdfTeX warning (ext4): destination with the same ident
ifier (name{figure.12}) has been already used, duplicate ignored

\AtBegShi@Output ...ipout \box \AtBeginShipoutBox 
                                                  \fi \fi 
l.902 ...e Techniques}\label{ensemble-techniques}}
                                                   <./Fig11.pdf>] [23] [24]

LaTeX Warning: Reference `tab:train_initial' on page 25 undefined on input line
 993.


LaTeX Warning: Reference `tab:test_initial' on page 25 undefined on input line 
997.

[25]

LaTeX Warning: Reference `tab:complete_train' on page 26 undefined on input lin
e 1035.


LaTeX Warning: Reference `tab:train_initial' on page 26 undefined on input line
 1036.


LaTeX Warning: Reference `tab:complete_test' on page 26 undefined on input line
 1038.


LaTeX Warning: Reference `tab:test_initial' on page 26 undefined on input line 
1038.

[26]

LaTeX Warning: Reference `tab:complete_test' on page 27 undefined on input line
 1100.

<itathesis_files/figure-latex/var_imp-1.pdf, id=602, 469.755pt x 325.215pt>
File: itathesis_files/figure-latex/var_imp-1.pdf Graphic file (type pdf)
<use itathesis_files/figure-latex/var_imp-1.pdf>
Package pdftex.def Info: itathesis_files/figure-latex/var_imp-1.pdf  used on in
put line 1104.
(pdftex.def)             Requested size: 455.24608pt x 315.17035pt.
[27]

LaTeX Warning: Reference `var_imp' on page 28 undefined on input line 1108.


LaTeX Warning: Reference `sec2.5' on page 28 undefined on input line 1109.


LaTeX Warning: Reference `tab:sensitive_train' on page 28 undefined on input li
ne 1125.


LaTeX Warning: Reference `tab:sensitive_test' on page 28 undefined on input lin
e 1127.


LaTeX Warning: Reference `tab:complete_train' on page 28 undefined on input lin
e 1130.


LaTeX Warning: Reference `tab:complete_test' on page 28 undefined on input line
 1130.

[28pdfTeX warning (ext4): destination with the same identifier (name{figure.13}
) has been already used, duplicate ignored

\AtBegShi@Output ...ipout \box \AtBeginShipoutBox 
                                                  \fi \fi 
l.1136 
        <./itathesis_files/figure-latex/var_imp-1.pdf>]

LaTeX Warning: Reference `pred_obs' on page 29 undefined on input line 1169.

<itathesis_files/figure-latex/pred_obs-1.pdf, id=616, 469.755pt x 325.215pt>
File: itathesis_files/figure-latex/pred_obs-1.pdf Graphic file (type pdf)
<use itathesis_files/figure-latex/pred_obs-1.pdf>
Package pdftex.def Info: itathesis_files/figure-latex/pred_obs-1.pdf  used on i
nput line 1177.
(pdftex.def)             Requested size: 455.24608pt x 315.17035pt.
[29]

LaTeX Warning: Reference `residual' on page 30 undefined on input line 1193.

<itathesis_files/figure-latex/residual-1.pdf, id=622, 469.755pt x 325.215pt>
File: itathesis_files/figure-latex/residual-1.pdf Graphic file (type pdf)
<use itathesis_files/figure-latex/residual-1.pdf>
Package pdftex.def Info: itathesis_files/figure-latex/residual-1.pdf  used on i
nput line 1198.
(pdftex.def)             Requested size: 455.24608pt x 315.17035pt.
[30pdfTeX warning (ext4): destination with the same identifier (name{figure.14}
) has been already used, duplicate ignored

\AtBegShi@Output ...ipout \box \AtBeginShipoutBox 
                                                  \fi \fi 
l.1201 
        <./itathesis_files/figure-latex/pred_obs-1.pdf>]

LaTeX Warning: Reference `tab:model_quantile' on page 31 undefined on input lin
e 1215.

[31pdfTeX warning (ext4): destination with the same identifier (name{figure.15}
) has been already used, duplicate ignored

\AtBegShi@Output ...ipout \box \AtBeginShipoutBox 
                                                  \fi \fi 
l.1232 \end{longtable}
                       <./itathesis_files/figure-latex/residual-1.pdf>]

LaTeX Warning: Reference `tab:predict_ci' on page 32 undefined on input line 12
49.


LaTeX Warning: Reference `tab:model_quantile' on page 32 undefined on input lin
e 1254.

[32]

LaTeX Warning: Reference `tab:predict_ci' on page 33 undefined on input line 12
89.

[33] [34] [35] (itathesis.bbl
Underfull \hbox (badness 2310) in paragraph at lines 39--44
\T1/lmr/m/n/12 (+20) In: \T1/lmr/m/it/12 (+20) Proc., $\OT1/lmr/m/n/12 (+20) 12
[]$ \T1/lmr/m/it/12 (+20) Int. Conf. on Soil Me-chan-ics and Foun-da-tion En-gi
-neer-ing\T1/lmr/m/n/12 (+20) .
 []


Underfull \hbox (badness 1077) in paragraph at lines 39--44
\T1/lmr/m/n/12 (+20) Rio de Janeiro, Brazil: [s.n.], 1989. p. 1--7. Disponível 
em: $\OML/lmm/m/it/12 <$\T1/lmr/m/n/12 (+20) http://pascal-
 []

pdfTeX warning (ext4): destination with the same identifier (name{page.1}) has 
been already used, duplicate ignored
<to be read again> 
                   \relax 
l.70 \bibitem{per09}
                     [1]pdfTeX warning (ext4): destination with the same identi
fier (name{page.2}) has been already used, duplicate ignored
<to be read again> 
                   \relax 
l.135 
       [2]pdfTeX warning (ext4): destination with the same identifier (name{pag
e.3}) has been already used, duplicate ignored
<to be read again> 
                   \relax 
l.200 \bibitem{breiman2001random}
                                  [3])pdfTeX warning (ext4): destination with t
he same identifier (name{page.4}) has been already used, duplicate ignored
<to be read again> 
                   \relax 
l.1355 \end{titlepage}
                       [4]
Package atveryend Info: Empty hook `BeforeClearDocument' on input line 1357.
Package atveryend Info: Empty hook `AfterLastShipout' on input line 1357.
(itathesis.aux)
Package atveryend Info: Executing hook `AtVeryEndDocument' on input line 1357.
Package atveryend Info: Empty hook `AtEndAfterFileList' on input line 1357.

LaTeX Warning: There were undefined references.

 ) 
Here is how much of TeX's memory you used:
 14385 strings out of 481545
 216887 string characters out of 2914424
 523366 words of memory out of 3000000
 29072 multiletter control sequences out of 15000+200000
 585788 words of font info for 123 fonts, out of 3000000 for 9000
 1141 hyphenation exceptions out of 8191
 41i,8n,42p,1204b,501s stack positions out of 5000i,500n,10000p,200000b,50000s
{C:/Users/ITA/AppData/Local/Programs/MiKTeX 2.9/fonts/enc/dvips/lm/lm-mathsy.
enc}{C:/Users/ITA/AppData/Local/Programs/MiKTeX 2.9/fonts/enc/dvips/lm/lm-ts1.e
nc}{C:/Users/ITA/AppData/Local/Programs/MiKTeX 2.9/fonts/enc/dvips/lm/lm-ec.enc
}{C:/Users/ITA/AppData/Local/Programs/MiKTeX 2.9/fonts/enc/dvips/lm/lm-mathex.e
nc}{C:/Users/ITA/AppData/Local/Programs/MiKTeX 2.9/fonts/enc/dvips/lm/lm-rm.enc
}{C:/Users/ITA/AppData/Local/Programs/MiKTeX 2.9/fonts/enc/dvips/lm/lm-mathit.e
nc}<C:/Users/ITA/AppData/Local/Programs/MiKTeX 2.9/fonts/type1/public/lm/lmbx12
.pfb><C:/Users/ITA/AppData/Local/Programs/MiKTeX 2.9/fonts/type1/public/lm/lmex
10.pfb><C:/Users/ITA/AppData/Local/Programs/MiKTeX 2.9/fonts/type1/public/lm/lm
mi12.pfb><C:/Users/ITA/AppData/Local/Programs/MiKTeX 2.9/fonts/type1/public/lm/
lmmi8.pfb><C:/Users/ITA/AppData/Local/Programs/MiKTeX 2.9/fonts/type1/public/lm
/lmr10.pfb><C:/Users/ITA/AppData/Local/Programs/MiKTeX 2.9/fonts/type1/public/l
m/lmr12.pfb><C:/Users/ITA/AppData/Local/Programs/MiKTeX 2.9/fonts/type1/public/
lm/lmr8.pfb><C:/Users/ITA/AppData/Local/Programs/MiKTeX 2.9/fonts/type1/public/
lm/lmri12.pfb><C:/Users/ITA/AppData/Local/Programs/MiKTeX 2.9/fonts/type1/publi
c/lm/lmri8.pfb><C:/Users/ITA/AppData/Local/Programs/MiKTeX 2.9/fonts/type1/publ
ic/lm/lmsy10.pfb><C:/Users/ITA/AppData/Local/Programs/MiKTeX 2.9/fonts/type1/pu
blic/lm/lmsy8.pfb><C:/Users/ITA/AppData/Local/Programs/MiKTeX 2.9/fonts/type1/p
ublic/lm/lmtt12.pfb>
Output written on itathesis.pdf (50 pages, 2813100 bytes).
PDF statistics:
 819 PDF objects out of 1000 (max. 8388607)
 160 named destinations out of 1000 (max. 500000)
 12516 words of extra memory for PDF output out of 14400 (max. 10000000)

